#
# There is insufficient memory for the Java Runtime Environment to continue.
# Native memory allocation (mmap) failed to map 65536 bytes for Failed to commit metaspace.
# Possible reasons:
#   The system is out of physical RAM or swap space
#   The process is running with CompressedOops enabled, and the Java Heap may be blocking the growth of the native heap
# Possible solutions:
#   Reduce memory load on the system
#   Increase physical memory or swap space
#   Check if swap backing store is full
#   Decrease Java heap size (-Xmx/-Xms)
#   Decrease number of Java threads
#   Decrease Java thread stack sizes (-Xss)
#   Set larger code cache with -XX:ReservedCodeCacheSize=
#   JVM is running with Zero Based Compressed Oops mode in which the Java heap is
#     placed in the first 32GB address space. The Java Heap base address is the
#     maximum limit for the native heap growth. Please use -XX:HeapBaseMinAddress
#     to set the Java Heap base and to place the Java Heap above 32GB virtual address.
# This output file may be truncated or incomplete.
#
#  Out of Memory Error (virtualSpaceNode.cpp:110), pid=5648, tid=2808
#
# JRE version: Java(TM) SE Runtime Environment (18.0.1.1+2) (build 18.0.1.1+2-6)
# Java VM: Java HotSpot(TM) 64-Bit Server VM (18.0.1.1+2-6, mixed mode, tiered, compressed oops, compressed class ptrs, g1 gc, windows-amd64)
# No core dump will be written. Minidumps are not enabled by default on client versions of Windows
#

---------------  S U M M A R Y ------------

Command Line: -Dnet.bytebuddy.agent.attacher.dump= net.bytebuddy.agent.Attacher com.sun.tools.attach.VirtualMachine 11220 C:\Users\User\.m2\repository\net\bytebuddy\byte-buddy-agent\1.14.12\byte-buddy-agent-1.14.12.jar false 

Host: Intel(R) Core(TM) i7-10710U CPU @ 1.10GHz, 12 cores, 15G,  Windows 11 , 64 bit Build 22000 (10.0.22000.2538)
Time: Mon Mar 18 10:19:31 2024 Eastern Standard Time elapsed time: 0.215404 seconds (0d 0h 0m 0s)

---------------  T H R E A D  ---------------

Current thread (0x00000201fbe32ba0):  JavaThread "main" [_thread_in_vm, id=2808, stack(0x00000024afd00000,0x00000024afe00000)]

Stack: [0x00000024afd00000,0x00000024afe00000]
Native frames: (J=compiled Java code, j=interpreted, Vv=VM code, C=native code)
V  [jvm.dll+0x69887a]
V  [jvm.dll+0x7f38bd]
V  [jvm.dll+0x7f51ce]
V  [jvm.dll+0x7f5883]
V  [jvm.dll+0x25ca3f]
V  [jvm.dll+0x7ef5cb]
V  [jvm.dll+0x63ea76]
V  [jvm.dll+0x63eada]
V  [jvm.dll+0x64135e]
V  [jvm.dll+0x64121e]
V  [jvm.dll+0x63f43e]
V  [jvm.dll+0x649ab7]
V  [jvm.dll+0x202381]
V  [jvm.dll+0x2028b5]
V  [jvm.dll+0x2032ef]
V  [jvm.dll+0x1f8781]
V  [jvm.dll+0x55d685]
V  [jvm.dll+0x209637]
V  [jvm.dll+0x76cf6d]
V  [jvm.dll+0x76e2a6]
V  [jvm.dll+0x76e5d8]
V  [jvm.dll+0x254d46]
V  [jvm.dll+0x3a26fe]
C  0x000002018787f5c8

Java frames: (J=compiled Java code, j=interpreted, Vv=VM code)
j  java.lang.invoke.DirectMethodHandle.<clinit>()V+82 java.base@18.0.1.1
v  ~StubRoutines::call_stub
j  java.lang.invoke.MethodHandles$Lookup.getDirectMethodCommon(BLjava/lang/Class;Ljava/lang/invoke/MemberName;ZZLjava/lang/invoke/MethodHandles$Lookup;)Ljava/lang/invoke/MethodHandle;+210 java.base@18.0.1.1
j  java.lang.invoke.MethodHandles$Lookup.getDirectMethodNoSecurityManager(BLjava/lang/Class;Ljava/lang/invoke/MemberName;Ljava/lang/invoke/MethodHandles$Lookup;)Ljava/lang/invoke/MethodHandle;+14 java.base@18.0.1.1
j  java.lang.invoke.MethodHandles$Lookup.getDirectMethodForConstant(BLjava/lang/Class;Ljava/lang/invoke/MemberName;)Ljava/lang/invoke/MethodHandle;+31 java.base@18.0.1.1
j  java.lang.invoke.MethodHandles$Lookup.linkMethodHandleConstant(BLjava/lang/Class;Ljava/lang/String;Ljava/lang/Object;)Ljava/lang/invoke/MethodHandle;+153 java.base@18.0.1.1
j  java.lang.invoke.MethodHandleNatives.linkMethodHandleConstant(Ljava/lang/Class;ILjava/lang/Class;Ljava/lang/String;Ljava/lang/Object;)Ljava/lang/invoke/MethodHandle;+38 java.base@18.0.1.1
v  ~StubRoutines::call_stub
j  java.util.ResourceBundle.getLoader(Ljava/lang/Module;)Ljava/lang/ClassLoader;+6 java.base@18.0.1.1
j  java.util.ResourceBundle.getBundleImpl(Ljava/lang/String;Ljava/util/Locale;Ljava/lang/Class;Ljava/lang/ClassLoader;Ljava/util/ResourceBundle$Control;)Ljava/util/ResourceBundle;+31 java.base@18.0.1.1
j  java.util.ResourceBundle.getBundleImpl(Ljava/lang/String;Ljava/util/Locale;Ljava/lang/Class;Ljava/util/ResourceBundle$Control;)Ljava/util/ResourceBundle;+8 java.base@18.0.1.1
j  java.util.ResourceBundle.getBundle(Ljava/lang/String;)Ljava/util/ResourceBundle;+14 java.base@18.0.1.1
j  sun.launcher.LauncherHelper$ResourceBundleHolder.<clinit>()V+2 java.base@18.0.1.1
v  ~StubRoutines::call_stub
j  sun.launcher.LauncherHelper.getLocalizedMessage(Ljava/lang/String;[Ljava/lang/Object;)Ljava/lang/String;+0 java.base@18.0.1.1
j  sun.launcher.LauncherHelper.abort(Ljava/lang/Throwable;Ljava/lang/String;[Ljava/lang/Object;)V+9 java.base@18.0.1.1
j  sun.launcher.LauncherHelper.loadMainClass(ILjava/lang/String;)Ljava/lang/Class;+283 java.base@18.0.1.1
j  sun.launcher.LauncherHelper.checkAndLoadMain(ZILjava/lang/String;)Ljava/lang/Class;+42 java.base@18.0.1.1
v  ~StubRoutines::call_stub

---------------  P R O C E S S  ---------------

Threads class SMR info:
_java_thread_list=0x00000201a35c8aa0, length=12, elements={
0x00000201fbe32ba0, 0x000002019f0a0430, 0x000002019f05d440, 0x00000201a3424220,
0x00000201a3424bc0, 0x00000201a3425560, 0x00000201a3425f00, 0x00000201a3426bd0,
0x00000201a34275b0, 0x00000201a3429fa0, 0x00000201a35b9aa0, 0x00000201a35c9160
}

Java Threads: ( => current thread )
=>0x00000201fbe32ba0 JavaThread "main" [_thread_in_vm, id=2808, stack(0x00000024afd00000,0x00000024afe00000)]
  0x000002019f0a0430 JavaThread "Reference Handler" daemon [_thread_blocked, id=34148, stack(0x00000024b0400000,0x00000024b0500000)]
  0x000002019f05d440 JavaThread "Finalizer" daemon [_thread_blocked, id=36080, stack(0x00000024b0500000,0x00000024b0600000)]
  0x00000201a3424220 JavaThread "Signal Dispatcher" daemon [_thread_blocked, id=40368, stack(0x00000024b0600000,0x00000024b0700000)]
  0x00000201a3424bc0 JavaThread "Attach Listener" daemon [_thread_blocked, id=25892, stack(0x00000024b0700000,0x00000024b0800000)]
  0x00000201a3425560 JavaThread "Service Thread" daemon [_thread_blocked, id=38164, stack(0x00000024b0800000,0x00000024b0900000)]
  0x00000201a3425f00 JavaThread "Monitor Deflation Thread" daemon [_thread_blocked, id=27060, stack(0x00000024b0900000,0x00000024b0a00000)]
  0x00000201a3426bd0 JavaThread "C2 CompilerThread0" daemon [_thread_blocked, id=33532, stack(0x00000024b0a00000,0x00000024b0b00000)]
  0x00000201a34275b0 JavaThread "C1 CompilerThread0" daemon [_thread_blocked, id=31400, stack(0x00000024b0b00000,0x00000024b0c00000)]
  0x00000201a3429fa0 JavaThread "Sweeper thread" daemon [_thread_blocked, id=10896, stack(0x00000024b0c00000,0x00000024b0d00000)]
  0x00000201a35b9aa0 JavaThread "Notification Thread" daemon [_thread_blocked, id=7552, stack(0x00000024b0d00000,0x00000024b0e00000)]
  0x00000201a35c9160 JavaThread "Common-Cleaner" daemon [_thread_blocked, id=38648, stack(0x00000024b0f00000,0x00000024b1000000)]

Other Threads:
  0x000002019f0304e0 VMThread "VM Thread" [stack: 0x00000024b0300000,0x00000024b0400000] [id=17204]
  0x00000201a34e3ac0 WatcherThread "VM Periodic Task Thread" [stack: 0x00000024b0e00000,0x00000024b0f00000] [id=7824]
  0x00000201fbea1cc0 WorkerThread "GC Thread#0" [stack: 0x00000024afe00000,0x00000024aff00000] [id=10752]
  0x00000201fbeb2970 ConcurrentGCThread "G1 Main Marker" [stack: 0x00000024aff00000,0x00000024b0000000] [id=25836]
  0x00000201fbeb3360 WorkerThread "G1 Conc#0" [stack: 0x00000024b0000000,0x00000024b0100000] [id=36112]
  0x000002019eed0570 ConcurrentGCThread "G1 Refine#0" [stack: 0x00000024b0100000,0x00000024b0200000] [id=34296]
  0x000002019eed0c30 ConcurrentGCThread "G1 Service" [stack: 0x00000024b0200000,0x00000024b0300000] [id=21940]

Threads with active compile tasks:

VM state: not at safepoint (normal execution)

VM Mutex/Monitor currently owned by a thread:  ([mutex/lock_event])
[0x00000201fbe32270] Metaspace_lock - owner thread: 0x00000201fbe32ba0

Heap address: 0x0000000702800000, size: 4056 MB, Compressed Oops mode: Zero based, Oop shift amount: 3

CDS archive(s) not mapped
Compressed class space mapped at: 0x0000000800000000-0x0000000840000000, reserved size: 1073741824
Narrow klass base: 0x0000000800000000, Narrow klass shift: 0, Narrow klass range: 0x40000000

GC Precious Log:
 CardTable entry size: 512
 Card Set container configuration: InlinePtr #cards 4 size 8 Array Of Cards #cards 16 size 48 Howl #buckets 8 coarsen threshold 3686 Howl Bitmap #cards 512 size 80 coarsen threshold 460 Card regions per heap region 1 cards per card region 4096
 CPUs: 12 total, 12 available
 Memory: 16221M
 Large Page Support: Disabled
 NUMA Support: Disabled
 Compressed Oops: Enabled (Zero based)
 Heap Region Size: 2M
 Heap Min Capacity: 8M
 Heap Initial Capacity: 254M
 Heap Max Capacity: 4056M
 Pre-touch: Disabled
 Parallel Workers: 10
 Concurrent Workers: 3
 Concurrent Refinement Workers: 10
 Periodic GC: Disabled

Heap:
 garbage-first heap   total 260096K, used 0K [0x0000000702800000, 0x0000000800000000)
  region size 2048K, 1 young (2048K), 0 survivors (0K)
 Metaspace       used 4384K, committed 4416K, reserved 1114112K
  class space    used 352K, committed 384K, reserved 1048576K

Heap Regions: E=young(eden), S=young(survivor), O=old, HS=humongous(starts), HC=humongous(continues), CS=collection set, F=free, OA=open archive, CA=closed archive, TAMS=top-at-mark-start (previous, next)
|   0|0x0000000702800000, 0x0000000702800000, 0x0000000702a00000|  0%| F|  |TAMS 0x0000000702800000, 0x0000000702800000| Untracked 
|   1|0x0000000702a00000, 0x0000000702a00000, 0x0000000702c00000|  0%| F|  |TAMS 0x0000000702a00000, 0x0000000702a00000| Untracked 
|   2|0x0000000702c00000, 0x0000000702c00000, 0x0000000702e00000|  0%| F|  |TAMS 0x0000000702c00000, 0x0000000702c00000| Untracked 
|   3|0x0000000702e00000, 0x0000000702e00000, 0x0000000703000000|  0%| F|  |TAMS 0x0000000702e00000, 0x0000000702e00000| Untracked 
|   4|0x0000000703000000, 0x0000000703000000, 0x0000000703200000|  0%| F|  |TAMS 0x0000000703000000, 0x0000000703000000| Untracked 
|   5|0x0000000703200000, 0x0000000703200000, 0x0000000703400000|  0%| F|  |TAMS 0x0000000703200000, 0x0000000703200000| Untracked 
|   6|0x0000000703400000, 0x0000000703400000, 0x0000000703600000|  0%| F|  |TAMS 0x0000000703400000, 0x0000000703400000| Untracked 
|   7|0x0000000703600000, 0x0000000703600000, 0x0000000703800000|  0%| F|  |TAMS 0x0000000703600000, 0x0000000703600000| Untracked 
|   8|0x0000000703800000, 0x0000000703800000, 0x0000000703a00000|  0%| F|  |TAMS 0x0000000703800000, 0x0000000703800000| Untracked 
|   9|0x0000000703a00000, 0x0000000703a00000, 0x0000000703c00000|  0%| F|  |TAMS 0x0000000703a00000, 0x0000000703a00000| Untracked 
|  10|0x0000000703c00000, 0x0000000703c00000, 0x0000000703e00000|  0%| F|  |TAMS 0x0000000703c00000, 0x0000000703c00000| Untracked 
|  11|0x0000000703e00000, 0x0000000703e00000, 0x0000000704000000|  0%| F|  |TAMS 0x0000000703e00000, 0x0000000703e00000| Untracked 
|  12|0x0000000704000000, 0x0000000704000000, 0x0000000704200000|  0%| F|  |TAMS 0x0000000704000000, 0x0000000704000000| Untracked 
|  13|0x0000000704200000, 0x0000000704200000, 0x0000000704400000|  0%| F|  |TAMS 0x0000000704200000, 0x0000000704200000| Untracked 
|  14|0x0000000704400000, 0x0000000704400000, 0x0000000704600000|  0%| F|  |TAMS 0x0000000704400000, 0x0000000704400000| Untracked 
|  15|0x0000000704600000, 0x0000000704600000, 0x0000000704800000|  0%| F|  |TAMS 0x0000000704600000, 0x0000000704600000| Untracked 
|  16|0x0000000704800000, 0x0000000704800000, 0x0000000704a00000|  0%| F|  |TAMS 0x0000000704800000, 0x0000000704800000| Untracked 
|  17|0x0000000704a00000, 0x0000000704a00000, 0x0000000704c00000|  0%| F|  |TAMS 0x0000000704a00000, 0x0000000704a00000| Untracked 
|  18|0x0000000704c00000, 0x0000000704c00000, 0x0000000704e00000|  0%| F|  |TAMS 0x0000000704c00000, 0x0000000704c00000| Untracked 
|  19|0x0000000704e00000, 0x0000000704e00000, 0x0000000705000000|  0%| F|  |TAMS 0x0000000704e00000, 0x0000000704e00000| Untracked 
|  20|0x0000000705000000, 0x0000000705000000, 0x0000000705200000|  0%| F|  |TAMS 0x0000000705000000, 0x0000000705000000| Untracked 
|  21|0x0000000705200000, 0x0000000705200000, 0x0000000705400000|  0%| F|  |TAMS 0x0000000705200000, 0x0000000705200000| Untracked 
|  22|0x0000000705400000, 0x0000000705400000, 0x0000000705600000|  0%| F|  |TAMS 0x0000000705400000, 0x0000000705400000| Untracked 
|  23|0x0000000705600000, 0x0000000705600000, 0x0000000705800000|  0%| F|  |TAMS 0x0000000705600000, 0x0000000705600000| Untracked 
|  24|0x0000000705800000, 0x0000000705800000, 0x0000000705a00000|  0%| F|  |TAMS 0x0000000705800000, 0x0000000705800000| Untracked 
|  25|0x0000000705a00000, 0x0000000705a00000, 0x0000000705c00000|  0%| F|  |TAMS 0x0000000705a00000, 0x0000000705a00000| Untracked 
|  26|0x0000000705c00000, 0x0000000705c00000, 0x0000000705e00000|  0%| F|  |TAMS 0x0000000705c00000, 0x0000000705c00000| Untracked 
|  27|0x0000000705e00000, 0x0000000705e00000, 0x0000000706000000|  0%| F|  |TAMS 0x0000000705e00000, 0x0000000705e00000| Untracked 
|  28|0x0000000706000000, 0x0000000706000000, 0x0000000706200000|  0%| F|  |TAMS 0x0000000706000000, 0x0000000706000000| Untracked 
|  29|0x0000000706200000, 0x0000000706200000, 0x0000000706400000|  0%| F|  |TAMS 0x0000000706200000, 0x0000000706200000| Untracked 
|  30|0x0000000706400000, 0x0000000706400000, 0x0000000706600000|  0%| F|  |TAMS 0x0000000706400000, 0x0000000706400000| Untracked 
|  31|0x0000000706600000, 0x0000000706600000, 0x0000000706800000|  0%| F|  |TAMS 0x0000000706600000, 0x0000000706600000| Untracked 
|  32|0x0000000706800000, 0x0000000706800000, 0x0000000706a00000|  0%| F|  |TAMS 0x0000000706800000, 0x0000000706800000| Untracked 
|  33|0x0000000706a00000, 0x0000000706a00000, 0x0000000706c00000|  0%| F|  |TAMS 0x0000000706a00000, 0x0000000706a00000| Untracked 
|  34|0x0000000706c00000, 0x0000000706c00000, 0x0000000706e00000|  0%| F|  |TAMS 0x0000000706c00000, 0x0000000706c00000| Untracked 
|  35|0x0000000706e00000, 0x0000000706e00000, 0x0000000707000000|  0%| F|  |TAMS 0x0000000706e00000, 0x0000000706e00000| Untracked 
|  36|0x0000000707000000, 0x0000000707000000, 0x0000000707200000|  0%| F|  |TAMS 0x0000000707000000, 0x0000000707000000| Untracked 
|  37|0x0000000707200000, 0x0000000707200000, 0x0000000707400000|  0%| F|  |TAMS 0x0000000707200000, 0x0000000707200000| Untracked 
|  38|0x0000000707400000, 0x0000000707400000, 0x0000000707600000|  0%| F|  |TAMS 0x0000000707400000, 0x0000000707400000| Untracked 
|  39|0x0000000707600000, 0x0000000707600000, 0x0000000707800000|  0%| F|  |TAMS 0x0000000707600000, 0x0000000707600000| Untracked 
|  40|0x0000000707800000, 0x0000000707800000, 0x0000000707a00000|  0%| F|  |TAMS 0x0000000707800000, 0x0000000707800000| Untracked 
|  41|0x0000000707a00000, 0x0000000707a00000, 0x0000000707c00000|  0%| F|  |TAMS 0x0000000707a00000, 0x0000000707a00000| Untracked 
|  42|0x0000000707c00000, 0x0000000707c00000, 0x0000000707e00000|  0%| F|  |TAMS 0x0000000707c00000, 0x0000000707c00000| Untracked 
|  43|0x0000000707e00000, 0x0000000707e00000, 0x0000000708000000|  0%| F|  |TAMS 0x0000000707e00000, 0x0000000707e00000| Untracked 
|  44|0x0000000708000000, 0x0000000708000000, 0x0000000708200000|  0%| F|  |TAMS 0x0000000708000000, 0x0000000708000000| Untracked 
|  45|0x0000000708200000, 0x0000000708200000, 0x0000000708400000|  0%| F|  |TAMS 0x0000000708200000, 0x0000000708200000| Untracked 
|  46|0x0000000708400000, 0x0000000708400000, 0x0000000708600000|  0%| F|  |TAMS 0x0000000708400000, 0x0000000708400000| Untracked 
|  47|0x0000000708600000, 0x0000000708600000, 0x0000000708800000|  0%| F|  |TAMS 0x0000000708600000, 0x0000000708600000| Untracked 
|  48|0x0000000708800000, 0x0000000708800000, 0x0000000708a00000|  0%| F|  |TAMS 0x0000000708800000, 0x0000000708800000| Untracked 
|  49|0x0000000708a00000, 0x0000000708a00000, 0x0000000708c00000|  0%| F|  |TAMS 0x0000000708a00000, 0x0000000708a00000| Untracked 
|  50|0x0000000708c00000, 0x0000000708c00000, 0x0000000708e00000|  0%| F|  |TAMS 0x0000000708c00000, 0x0000000708c00000| Untracked 
|  51|0x0000000708e00000, 0x0000000708e00000, 0x0000000709000000|  0%| F|  |TAMS 0x0000000708e00000, 0x0000000708e00000| Untracked 
|  52|0x0000000709000000, 0x0000000709000000, 0x0000000709200000|  0%| F|  |TAMS 0x0000000709000000, 0x0000000709000000| Untracked 
|  53|0x0000000709200000, 0x0000000709200000, 0x0000000709400000|  0%| F|  |TAMS 0x0000000709200000, 0x0000000709200000| Untracked 
|  54|0x0000000709400000, 0x0000000709400000, 0x0000000709600000|  0%| F|  |TAMS 0x0000000709400000, 0x0000000709400000| Untracked 
|  55|0x0000000709600000, 0x0000000709600000, 0x0000000709800000|  0%| F|  |TAMS 0x0000000709600000, 0x0000000709600000| Untracked 
|  56|0x0000000709800000, 0x0000000709800000, 0x0000000709a00000|  0%| F|  |TAMS 0x0000000709800000, 0x0000000709800000| Untracked 
|  57|0x0000000709a00000, 0x0000000709a00000, 0x0000000709c00000|  0%| F|  |TAMS 0x0000000709a00000, 0x0000000709a00000| Untracked 
|  58|0x0000000709c00000, 0x0000000709c00000, 0x0000000709e00000|  0%| F|  |TAMS 0x0000000709c00000, 0x0000000709c00000| Untracked 
|  59|0x0000000709e00000, 0x0000000709e00000, 0x000000070a000000|  0%| F|  |TAMS 0x0000000709e00000, 0x0000000709e00000| Untracked 
|  60|0x000000070a000000, 0x000000070a000000, 0x000000070a200000|  0%| F|  |TAMS 0x000000070a000000, 0x000000070a000000| Untracked 
|  61|0x000000070a200000, 0x000000070a200000, 0x000000070a400000|  0%| F|  |TAMS 0x000000070a200000, 0x000000070a200000| Untracked 
|  62|0x000000070a400000, 0x000000070a400000, 0x000000070a600000|  0%| F|  |TAMS 0x000000070a400000, 0x000000070a400000| Untracked 
|  63|0x000000070a600000, 0x000000070a600000, 0x000000070a800000|  0%| F|  |TAMS 0x000000070a600000, 0x000000070a600000| Untracked 
|  64|0x000000070a800000, 0x000000070a800000, 0x000000070aa00000|  0%| F|  |TAMS 0x000000070a800000, 0x000000070a800000| Untracked 
|  65|0x000000070aa00000, 0x000000070aa00000, 0x000000070ac00000|  0%| F|  |TAMS 0x000000070aa00000, 0x000000070aa00000| Untracked 
|  66|0x000000070ac00000, 0x000000070ac00000, 0x000000070ae00000|  0%| F|  |TAMS 0x000000070ac00000, 0x000000070ac00000| Untracked 
|  67|0x000000070ae00000, 0x000000070ae00000, 0x000000070b000000|  0%| F|  |TAMS 0x000000070ae00000, 0x000000070ae00000| Untracked 
|  68|0x000000070b000000, 0x000000070b000000, 0x000000070b200000|  0%| F|  |TAMS 0x000000070b000000, 0x000000070b000000| Untracked 
|  69|0x000000070b200000, 0x000000070b200000, 0x000000070b400000|  0%| F|  |TAMS 0x000000070b200000, 0x000000070b200000| Untracked 
|  70|0x000000070b400000, 0x000000070b400000, 0x000000070b600000|  0%| F|  |TAMS 0x000000070b400000, 0x000000070b400000| Untracked 
|  71|0x000000070b600000, 0x000000070b600000, 0x000000070b800000|  0%| F|  |TAMS 0x000000070b600000, 0x000000070b600000| Untracked 
|  72|0x000000070b800000, 0x000000070b800000, 0x000000070ba00000|  0%| F|  |TAMS 0x000000070b800000, 0x000000070b800000| Untracked 
|  73|0x000000070ba00000, 0x000000070ba00000, 0x000000070bc00000|  0%| F|  |TAMS 0x000000070ba00000, 0x000000070ba00000| Untracked 
|  74|0x000000070bc00000, 0x000000070bc00000, 0x000000070be00000|  0%| F|  |TAMS 0x000000070bc00000, 0x000000070bc00000| Untracked 
|  75|0x000000070be00000, 0x000000070be00000, 0x000000070c000000|  0%| F|  |TAMS 0x000000070be00000, 0x000000070be00000| Untracked 
|  76|0x000000070c000000, 0x000000070c000000, 0x000000070c200000|  0%| F|  |TAMS 0x000000070c000000, 0x000000070c000000| Untracked 
|  77|0x000000070c200000, 0x000000070c200000, 0x000000070c400000|  0%| F|  |TAMS 0x000000070c200000, 0x000000070c200000| Untracked 
|  78|0x000000070c400000, 0x000000070c400000, 0x000000070c600000|  0%| F|  |TAMS 0x000000070c400000, 0x000000070c400000| Untracked 
|  79|0x000000070c600000, 0x000000070c600000, 0x000000070c800000|  0%| F|  |TAMS 0x000000070c600000, 0x000000070c600000| Untracked 
|  80|0x000000070c800000, 0x000000070c800000, 0x000000070ca00000|  0%| F|  |TAMS 0x000000070c800000, 0x000000070c800000| Untracked 
|  81|0x000000070ca00000, 0x000000070ca00000, 0x000000070cc00000|  0%| F|  |TAMS 0x000000070ca00000, 0x000000070ca00000| Untracked 
|  82|0x000000070cc00000, 0x000000070cc00000, 0x000000070ce00000|  0%| F|  |TAMS 0x000000070cc00000, 0x000000070cc00000| Untracked 
|  83|0x000000070ce00000, 0x000000070ce00000, 0x000000070d000000|  0%| F|  |TAMS 0x000000070ce00000, 0x000000070ce00000| Untracked 
|  84|0x000000070d000000, 0x000000070d000000, 0x000000070d200000|  0%| F|  |TAMS 0x000000070d000000, 0x000000070d000000| Untracked 
|  85|0x000000070d200000, 0x000000070d200000, 0x000000070d400000|  0%| F|  |TAMS 0x000000070d200000, 0x000000070d200000| Untracked 
|  86|0x000000070d400000, 0x000000070d400000, 0x000000070d600000|  0%| F|  |TAMS 0x000000070d400000, 0x000000070d400000| Untracked 
|  87|0x000000070d600000, 0x000000070d600000, 0x000000070d800000|  0%| F|  |TAMS 0x000000070d600000, 0x000000070d600000| Untracked 
|  88|0x000000070d800000, 0x000000070d800000, 0x000000070da00000|  0%| F|  |TAMS 0x000000070d800000, 0x000000070d800000| Untracked 
|  89|0x000000070da00000, 0x000000070da00000, 0x000000070dc00000|  0%| F|  |TAMS 0x000000070da00000, 0x000000070da00000| Untracked 
|  90|0x000000070dc00000, 0x000000070dc00000, 0x000000070de00000|  0%| F|  |TAMS 0x000000070dc00000, 0x000000070dc00000| Untracked 
|  91|0x000000070de00000, 0x000000070de00000, 0x000000070e000000|  0%| F|  |TAMS 0x000000070de00000, 0x000000070de00000| Untracked 
|  92|0x000000070e000000, 0x000000070e000000, 0x000000070e200000|  0%| F|  |TAMS 0x000000070e000000, 0x000000070e000000| Untracked 
|  93|0x000000070e200000, 0x000000070e200000, 0x000000070e400000|  0%| F|  |TAMS 0x000000070e200000, 0x000000070e200000| Untracked 
|  94|0x000000070e400000, 0x000000070e400000, 0x000000070e600000|  0%| F|  |TAMS 0x000000070e400000, 0x000000070e400000| Untracked 
|  95|0x000000070e600000, 0x000000070e600000, 0x000000070e800000|  0%| F|  |TAMS 0x000000070e600000, 0x000000070e600000| Untracked 
|  96|0x000000070e800000, 0x000000070e800000, 0x000000070ea00000|  0%| F|  |TAMS 0x000000070e800000, 0x000000070e800000| Untracked 
|  97|0x000000070ea00000, 0x000000070ea00000, 0x000000070ec00000|  0%| F|  |TAMS 0x000000070ea00000, 0x000000070ea00000| Untracked 
|  98|0x000000070ec00000, 0x000000070ec00000, 0x000000070ee00000|  0%| F|  |TAMS 0x000000070ec00000, 0x000000070ec00000| Untracked 
|  99|0x000000070ee00000, 0x000000070ee00000, 0x000000070f000000|  0%| F|  |TAMS 0x000000070ee00000, 0x000000070ee00000| Untracked 
| 100|0x000000070f000000, 0x000000070f000000, 0x000000070f200000|  0%| F|  |TAMS 0x000000070f000000, 0x000000070f000000| Untracked 
| 101|0x000000070f200000, 0x000000070f200000, 0x000000070f400000|  0%| F|  |TAMS 0x000000070f200000, 0x000000070f200000| Untracked 
| 102|0x000000070f400000, 0x000000070f400000, 0x000000070f600000|  0%| F|  |TAMS 0x000000070f400000, 0x000000070f400000| Untracked 
| 103|0x000000070f600000, 0x000000070f600000, 0x000000070f800000|  0%| F|  |TAMS 0x000000070f600000, 0x000000070f600000| Untracked 
| 104|0x000000070f800000, 0x000000070f800000, 0x000000070fa00000|  0%| F|  |TAMS 0x000000070f800000, 0x000000070f800000| Untracked 
| 105|0x000000070fa00000, 0x000000070fa00000, 0x000000070fc00000|  0%| F|  |TAMS 0x000000070fa00000, 0x000000070fa00000| Untracked 
| 106|0x000000070fc00000, 0x000000070fc00000, 0x000000070fe00000|  0%| F|  |TAMS 0x000000070fc00000, 0x000000070fc00000| Untracked 
| 107|0x000000070fe00000, 0x000000070fe00000, 0x0000000710000000|  0%| F|  |TAMS 0x000000070fe00000, 0x000000070fe00000| Untracked 
| 108|0x0000000710000000, 0x0000000710000000, 0x0000000710200000|  0%| F|  |TAMS 0x0000000710000000, 0x0000000710000000| Untracked 
| 109|0x0000000710200000, 0x0000000710200000, 0x0000000710400000|  0%| F|  |TAMS 0x0000000710200000, 0x0000000710200000| Untracked 
| 110|0x0000000710400000, 0x0000000710400000, 0x0000000710600000|  0%| F|  |TAMS 0x0000000710400000, 0x0000000710400000| Untracked 
| 111|0x0000000710600000, 0x0000000710600000, 0x0000000710800000|  0%| F|  |TAMS 0x0000000710600000, 0x0000000710600000| Untracked 
| 112|0x0000000710800000, 0x0000000710800000, 0x0000000710a00000|  0%| F|  |TAMS 0x0000000710800000, 0x0000000710800000| Untracked 
| 113|0x0000000710a00000, 0x0000000710a00000, 0x0000000710c00000|  0%| F|  |TAMS 0x0000000710a00000, 0x0000000710a00000| Untracked 
| 114|0x0000000710c00000, 0x0000000710c00000, 0x0000000710e00000|  0%| F|  |TAMS 0x0000000710c00000, 0x0000000710c00000| Untracked 
| 115|0x0000000710e00000, 0x0000000710e00000, 0x0000000711000000|  0%| F|  |TAMS 0x0000000710e00000, 0x0000000710e00000| Untracked 
| 116|0x0000000711000000, 0x0000000711000000, 0x0000000711200000|  0%| F|  |TAMS 0x0000000711000000, 0x0000000711000000| Untracked 
| 117|0x0000000711200000, 0x0000000711200000, 0x0000000711400000|  0%| F|  |TAMS 0x0000000711200000, 0x0000000711200000| Untracked 
| 118|0x0000000711400000, 0x0000000711400000, 0x0000000711600000|  0%| F|  |TAMS 0x0000000711400000, 0x0000000711400000| Untracked 
| 119|0x0000000711600000, 0x0000000711600000, 0x0000000711800000|  0%| F|  |TAMS 0x0000000711600000, 0x0000000711600000| Untracked 
| 120|0x0000000711800000, 0x0000000711800000, 0x0000000711a00000|  0%| F|  |TAMS 0x0000000711800000, 0x0000000711800000| Untracked 
| 121|0x0000000711a00000, 0x0000000711a00000, 0x0000000711c00000|  0%| F|  |TAMS 0x0000000711a00000, 0x0000000711a00000| Untracked 
| 122|0x0000000711c00000, 0x0000000711c00000, 0x0000000711e00000|  0%| F|  |TAMS 0x0000000711c00000, 0x0000000711c00000| Untracked 
| 123|0x0000000711e00000, 0x0000000711e00000, 0x0000000712000000|  0%| F|  |TAMS 0x0000000711e00000, 0x0000000711e00000| Untracked 
| 124|0x0000000712000000, 0x0000000712000000, 0x0000000712200000|  0%| F|  |TAMS 0x0000000712000000, 0x0000000712000000| Untracked 
| 125|0x0000000712200000, 0x0000000712200000, 0x0000000712400000|  0%| F|  |TAMS 0x0000000712200000, 0x0000000712200000| Untracked 
| 126|0x0000000712400000, 0x00000007125c2a50, 0x0000000712600000| 88%| E|  |TAMS 0x0000000712400000, 0x0000000712400000| Complete 

Card table byte_map: [0x00000201fcc30000,0x00000201fd420000] _byte_map_base: 0x00000201f941c000

Marking Bits (Prev, Next): (CMBitMap*) 0x00000201fbea22c0, (CMBitMap*) 0x00000201fbea2300
 Prev Bits: [0x0000020196870000, 0x000002019a7d0000)
 Next Bits: [0x000002019a7d0000, 0x000002019e730000)

Polling page: 0x00000201f9db0000

Metaspace:

Usage:
  Non-class:      3.94 MB used.
      Class:    352.14 KB used.
       Both:      4.28 MB used.

Virtual space:
  Non-class space:       64.00 MB reserved,       3.94 MB (  6%) committed,  1 nodes.
      Class space:        1.00 GB reserved,     384.00 KB ( <1%) committed,  1 nodes.
             Both:        1.06 GB reserved,       4.31 MB ( <1%) committed. 

Chunk freelists:
   Non-Class:  0 bytes
       Class:  3.62 MB
        Both:  3.62 MB

MaxMetaspaceSize: unlimited
CompressedClassSpaceSize: 1.00 GB
Initial GC threshold: 21.00 MB
Current GC threshold: 21.00 MB
CDS: off
MetaspaceReclaimPolicy: balanced
 - commit_granule_bytes: 65536.
 - commit_granule_words: 8192.
 - virtual_space_node_default_size: 8388608.
 - enlarge_chunks_in_place: 1.
 - new_chunks_are_fully_committed: 0.
 - uncommit_free_chunks: 1.
 - use_allocation_guard: 0.


Internal statistics:

num_allocs_failed_limit: 0.
num_arena_births: 2.
num_arena_deaths: 0.
num_vsnodes_births: 2.
num_vsnodes_deaths: 0.
num_space_committed: 69.
num_space_uncommitted: 0.
num_chunks_returned_to_freelist: 0.
num_chunks_taken_from_freelist: 4.
num_chunk_merges: 0.
num_chunk_splits: 1.
num_chunks_enlarged: 0.
num_inconsistent_stats: 0.

CodeHeap 'non-profiled nmethods': size=120000Kb used=13Kb max_used=13Kb free=119986Kb
 bounds [0x000002018f340000, 0x000002018f5b0000, 0x0000020196870000]
CodeHeap 'profiled nmethods': size=120000Kb used=99Kb max_used=99Kb free=119900Kb
 bounds [0x0000020187e10000, 0x0000020188080000, 0x000002018f340000]
CodeHeap 'non-nmethods': size=5760Kb used=1061Kb max_used=1061Kb free=4698Kb
 bounds [0x0000020187870000, 0x0000020187ae0000, 0x0000020187e10000]
 total_blobs=383 nmethods=73 adapters=223
 compilation: enabled
              stopped_count=0, restarted_count=0
 full_count=0

Compilation events (20 events):
Event: 0.190 Thread 0x00000201a34275b0   64       3       java.lang.AbstractStringBuilder::ensureCapacityInternal (39 bytes)
Event: 0.190 Thread 0x00000201a34275b0 nmethod 64 0x0000020187e24890 code [0x0000020187e24a40, 0x0000020187e24c78]
Event: 0.190 Thread 0x00000201a34275b0   65       3       java.lang.StringLatin1::canEncode (13 bytes)
Event: 0.190 Thread 0x00000201a34275b0 nmethod 65 0x0000020187e24d90 code [0x0000020187e24f20, 0x0000020187e25078]
Event: 0.191 Thread 0x00000201a34275b0   67       3       java.lang.AbstractStringBuilder::isLatin1 (19 bytes)
Event: 0.192 Thread 0x00000201a34275b0 nmethod 67 0x0000020187e25110 code [0x0000020187e252a0, 0x0000020187e25418]
Event: 0.192 Thread 0x00000201a34275b0   68       3       java.lang.StringBuilder::append (8 bytes)
Event: 0.192 Thread 0x00000201a34275b0 nmethod 68 0x0000020187e25490 code [0x0000020187e25620, 0x0000020187e25768]
Event: 0.192 Thread 0x00000201a34275b0   66       3       java.util.Optional::<init> (10 bytes)
Event: 0.192 Thread 0x00000201a34275b0 nmethod 66 0x0000020187e25810 code [0x0000020187e259a0, 0x0000020187e25b58]
Event: 0.199 Thread 0x00000201a34275b0   69       3       java.lang.StringLatin1::indexOfChar (33 bytes)
Event: 0.199 Thread 0x00000201a34275b0 nmethod 69 0x0000020187e25c10 code [0x0000020187e25dc0, 0x0000020187e25ff8]
Event: 0.202 Thread 0x00000201a34275b0   70       3       java.util.HashMap::resize (356 bytes)
Event: 0.204 Thread 0x00000201a34275b0 nmethod 70 0x0000020187e26110 code [0x0000020187e263c0, 0x0000020187e278e8]
Event: 0.204 Thread 0x00000201a34275b0   71       3       java.lang.String::isEmpty (14 bytes)
Event: 0.204 Thread 0x00000201a34275b0 nmethod 71 0x0000020187e27d90 code [0x0000020187e27f20, 0x0000020187e28098]
Event: 0.205 Thread 0x00000201a34275b0   72       3       java.lang.String::indexOf (29 bytes)
Event: 0.205 Thread 0x00000201a34275b0 nmethod 72 0x0000020187e28190 code [0x0000020187e28360, 0x0000020187e28618]
Event: 0.205 Thread 0x00000201a34275b0   73       3       java.lang.StringLatin1::indexOf (36 bytes)
Event: 0.206 Thread 0x00000201a34275b0 nmethod 73 0x0000020187e28710 code [0x0000020187e288e0, 0x0000020187e28d18]

GC Heap History (0 events):
No events

Deoptimization events (0 events):
No events

Classes loaded (20 events):
Event: 0.211 Loading class sun/util/locale/LocaleObjectCache
Event: 0.211 Loading class sun/util/locale/LocaleObjectCache done
Event: 0.211 Loading class java/util/ResourceBundle$Control$CandidateListCache done
Event: 0.211 Loading class java/lang/invoke/LambdaMetafactory
Event: 0.211 Loading class java/lang/invoke/LambdaMetafactory done
Event: 0.212 Loading class java/lang/invoke/MethodType$ConcurrentWeakInternSet
Event: 0.212 Loading class java/lang/invoke/MethodType$ConcurrentWeakInternSet done
Event: 0.212 Loading class java/lang/Void
Event: 0.212 Loading class java/lang/Void done
Event: 0.212 Loading class java/lang/invoke/MethodTypeForm
Event: 0.212 Loading class java/lang/invoke/MethodTypeForm done
Event: 0.212 Loading class java/lang/invoke/MethodType$ConcurrentWeakInternSet$WeakEntry
Event: 0.212 Loading class java/lang/invoke/MethodType$ConcurrentWeakInternSet$WeakEntry done
Event: 0.212 Loading class sun/invoke/util/Wrapper
Event: 0.213 Loading class sun/invoke/util/Wrapper done
Event: 0.213 Loading class sun/invoke/util/Wrapper$Format
Event: 0.213 Loading class sun/invoke/util/Wrapper$Format done
Event: 0.213 Loading class java/lang/invoke/LambdaForm$NamedFunction
Event: 0.213 Loading class java/lang/invoke/LambdaForm$NamedFunction done
Event: 0.213 Loading class java/lang/invoke/DirectMethodHandle$Holder

Classes unloaded (0 events):
No events

Classes redefined (0 events):
No events

Internal exceptions (3 events):
Event: 0.208 Thread 0x00000201fbe32ba0 Exception <a 'java/lang/UnsatisfiedLinkError'{0x0000000712577218}> (0x0000000712577218) 
thrown [s\open\src\hotspot\share\prims\jvm.cpp, line 3397]
Event: 0.208 Thread 0x00000201fbe32ba0 Exception <a 'java/lang/UnsatisfiedLinkError'{0x0000000712577218}> (0x0000000712577218) 
thrown [s\open\src\hotspot\share\prims\jni.cpp, line 516]
Event: 0.209 Thread 0x00000201fbe32ba0 Exception <a 'java/lang/UnsatisfiedLinkError'{0x0000000712577218}> (0x0000000712577218) 
thrown [s\open\src\hotspot\share\oops\instanceKlass.cpp, line 1210]

VM Operations (0 events):
No events

Events (15 events):
Event: 0.005 Loaded shared library C:\Program Files\Java\jdk-18.0.1.1\bin\java.dll
Event: 0.091 Loaded shared library C:\Program Files\Java\jdk-18.0.1.1\bin\jsvml.dll
Event: 0.091 Thread 0x00000201fbe32ba0 Thread added: 0x00000201fbe32ba0
Event: 0.103 Thread 0x000002019f0a0430 Thread added: 0x000002019f0a0430
Event: 0.103 Thread 0x000002019f05d440 Thread added: 0x000002019f05d440
Event: 0.140 Thread 0x00000201a3424220 Thread added: 0x00000201a3424220
Event: 0.140 Thread 0x00000201a3424bc0 Thread added: 0x00000201a3424bc0
Event: 0.140 Thread 0x00000201a3425560 Thread added: 0x00000201a3425560
Event: 0.140 Thread 0x00000201a3425f00 Thread added: 0x00000201a3425f00
Event: 0.140 Thread 0x00000201a3426bd0 Thread added: 0x00000201a3426bd0
Event: 0.140 Thread 0x00000201a34275b0 Thread added: 0x00000201a34275b0
Event: 0.140 Thread 0x00000201a3429fa0 Thread added: 0x00000201a3429fa0
Event: 0.184 Thread 0x00000201a35b9aa0 Thread added: 0x00000201a35b9aa0
Event: 0.193 Thread 0x00000201a35c9160 Thread added: 0x00000201a35c9160
Event: 0.208 Loading shared library C:\Program Files\Java\jdk-18.0.1.1\bin\net.dll failed, error code 1455


Dynamic libraries:
0x00007ff671aa0000 - 0x00007ff671ab0000 	C:\Program Files\Java\jdk-18.0.1.1\bin\java.exe
0x00007ff951ae0000 - 0x00007ff951ce9000 	C:\WINDOWS\SYSTEM32\ntdll.dll
0x00007ff9504f0000 - 0x00007ff9505ad000 	C:\WINDOWS\System32\KERNEL32.DLL
0x00007ff94f200000 - 0x00007ff94f584000 	C:\WINDOWS\System32\KERNELBASE.dll
0x00007ff94be60000 - 0x00007ff94bef2000 	C:\WINDOWS\SYSTEM32\apphelp.dll
0x00007ff94f0e0000 - 0x00007ff94f1f1000 	C:\WINDOWS\System32\ucrtbase.dll
0x00007ff94a880000 - 0x00007ff94a898000 	C:\Program Files\Java\jdk-18.0.1.1\bin\jli.dll
0x00007ff9517d0000 - 0x00007ff95187e000 	C:\WINDOWS\System32\ADVAPI32.dll
0x00007ff94a790000 - 0x00007ff94a7aa000 	C:\Program Files\Java\jdk-18.0.1.1\bin\VCRUNTIME140.dll
0x00007ff94fc50000 - 0x00007ff94fcf3000 	C:\WINDOWS\System32\msvcrt.dll
0x00007ff950fb0000 - 0x00007ff95104e000 	C:\WINDOWS\System32\sechost.dll
0x00007ff94fb20000 - 0x00007ff94fc41000 	C:\WINDOWS\System32\RPCRT4.dll
0x00007ff950610000 - 0x00007ff9507bd000 	C:\WINDOWS\System32\USER32.dll
0x00007ff94f610000 - 0x00007ff94f636000 	C:\WINDOWS\System32\win32u.dll
0x00007ff93d1a0000 - 0x00007ff93d445000 	C:\WINDOWS\WinSxS\amd64_microsoft.windows.common-controls_6595b64144ccf1df_6.0.22000.120_none_9d947278b86cc467\COMCTL32.dll
0x00007ff94f930000 - 0x00007ff94f95a000 	C:\WINDOWS\System32\GDI32.dll
0x00007ff94f7a0000 - 0x00007ff94f8be000 	C:\WINDOWS\System32\gdi32full.dll
0x00007ff94f640000 - 0x00007ff94f6dd000 	C:\WINDOWS\System32\msvcp_win.dll
0x00007ff947070000 - 0x00007ff94707a000 	C:\WINDOWS\SYSTEM32\VERSION.dll
0x00007ff9516b0000 - 0x00007ff9516e1000 	C:\WINDOWS\System32\IMM32.DLL
0x00007ff94be40000 - 0x00007ff94be4c000 	C:\Program Files\Java\jdk-18.0.1.1\bin\vcruntime140_1.dll
0x00007ff9274c0000 - 0x00007ff92754d000 	C:\Program Files\Java\jdk-18.0.1.1\bin\msvcp140.dll
0x00007ff88f740000 - 0x00007ff890350000 	C:\Program Files\Java\jdk-18.0.1.1\bin\server\jvm.dll
0x00007ff950fa0000 - 0x00007ff950fa8000 	C:\WINDOWS\System32\PSAPI.DLL
0x00007ff931260000 - 0x00007ff931269000 	C:\WINDOWS\SYSTEM32\WSOCK32.dll
0x00007ff9403e0000 - 0x00007ff940413000 	C:\WINDOWS\SYSTEM32\WINMM.dll
0x00007ff9502e0000 - 0x00007ff95034f000 	C:\WINDOWS\System32\WS2_32.dll
0x00007ff94e090000 - 0x00007ff94e0a8000 	C:\WINDOWS\SYSTEM32\kernel.appcore.dll
0x00007ff94b650000 - 0x00007ff94b65a000 	C:\Program Files\Java\jdk-18.0.1.1\bin\jimage.dll
0x00007ff94c9a0000 - 0x00007ff94cbc1000 	C:\WINDOWS\SYSTEM32\DBGHELP.DLL
0x00007ff9345f0000 - 0x00007ff934621000 	C:\WINDOWS\SYSTEM32\dbgcore.DLL
0x00007ff94f590000 - 0x00007ff94f60f000 	C:\WINDOWS\System32\bcryptPrimitives.dll
0x00007ff93c140000 - 0x00007ff93c165000 	C:\Program Files\Java\jdk-18.0.1.1\bin\java.dll
0x00007ff9273e0000 - 0x00007ff9274b6000 	C:\Program Files\Java\jdk-18.0.1.1\bin\jsvml.dll
0x00007ff9507d0000 - 0x00007ff950f95000 	C:\WINDOWS\System32\SHELL32.dll
0x00007ff94d010000 - 0x00007ff94d872000 	C:\WINDOWS\SYSTEM32\windows.storage.dll
0x00007ff951230000 - 0x00007ff9515a6000 	C:\WINDOWS\System32\combase.dll
0x00007ff94cbf0000 - 0x00007ff94cd57000 	C:\WINDOWS\SYSTEM32\wintypes.dll
0x00007ff9515b0000 - 0x00007ff95169a000 	C:\WINDOWS\System32\SHCORE.dll
0x00007ff9505b0000 - 0x00007ff95060d000 	C:\WINDOWS\System32\shlwapi.dll
0x00007ff94eea0000 - 0x00007ff94eec5000 	C:\WINDOWS\SYSTEM32\profapi.dll

dbghelp: loaded successfully - version: 4.0.5 - missing functions: none
symbol engine: initialized successfully - sym options: 0x614 - pdb path: .;C:\Program Files\Java\jdk-18.0.1.1\bin;C:\WINDOWS\SYSTEM32;C:\WINDOWS\WinSxS\amd64_microsoft.windows.common-controls_6595b64144ccf1df_6.0.22000.120_none_9d947278b86cc467;C:\Program Files\Java\jdk-18.0.1.1\bin\server

VM Arguments:
jvm_args: -Dnet.bytebuddy.agent.attacher.dump= 
java_command: net.bytebuddy.agent.Attacher com.sun.tools.attach.VirtualMachine 11220 C:\Users\User\.m2\repository\net\bytebuddy\byte-buddy-agent\1.14.12\byte-buddy-agent-1.14.12.jar false 
java_class_path (initial): C:\Users\User\.m2\repository\net\bytebuddy\byte-buddy-agent\1.14.12\byte-buddy-agent-1.14.12.jar
Launcher Type: SUN_STANDARD

[Global flags]
     intx CICompilerCount                          = 4                                         {product} {ergonomic}
     uint ConcGCThreads                            = 3                                         {product} {ergonomic}
     uint G1ConcRefinementThreads                  = 10                                        {product} {ergonomic}
   size_t G1HeapRegionSize                         = 2097152                                   {product} {ergonomic}
    uintx GCDrainStackTargetSize                   = 64                                        {product} {ergonomic}
   size_t InitialHeapSize                          = 266338304                                 {product} {ergonomic}
   size_t MarkStackSize                            = 4194304                                   {product} {ergonomic}
   size_t MaxHeapSize                              = 4253024256                                {product} {ergonomic}
   size_t MaxNewSize                               = 2550136832                                {product} {ergonomic}
   size_t MinHeapDeltaBytes                        = 2097152                                   {product} {ergonomic}
   size_t MinHeapSize                              = 8388608                                   {product} {ergonomic}
    uintx NonNMethodCodeHeapSize                   = 5839372                                {pd product} {ergonomic}
    uintx NonProfiledCodeHeapSize                  = 122909434                              {pd product} {ergonomic}
    uintx ProfiledCodeHeapSize                     = 122909434                              {pd product} {ergonomic}
    uintx ReservedCodeCacheSize                    = 251658240                              {pd product} {ergonomic}
     bool SegmentedCodeCache                       = true                                      {product} {ergonomic}
   size_t SoftMaxHeapSize                          = 4253024256                             {manageable} {ergonomic}
     bool UseCompressedClassPointers               = true                           {product lp64_product} {ergonomic}
     bool UseCompressedOops                        = true                           {product lp64_product} {ergonomic}
     bool UseG1GC                                  = true                                      {product} {ergonomic}
     bool UseLargePagesIndividualAllocation        = false                                  {pd product} {ergonomic}

Logging:
Log output configuration:
 #0: stdout all=warning uptime,level,tags foldmultilines=false
 #1: stderr all=off uptime,level,tags foldmultilines=false

Environment Variables:
PATH=C:\Python312\Scripts\;C:\Python312\;C:\Program Files (x86)\VMware\VMware Workstation\bin\;C:\Program Files\Java\jdk-17.0.3.1\bin;C:\Program Files\Java\jdk-18.0.1.1\bin;C:\Program Files\Common Files\Oracle\Java\javapath;C:\Windows\system32;C:\Windows;C:\Windows\System32\Wbem;C:\Windows\System32\WindowsPowerShell\v1.0\;C:\Windows\System32\OpenSSH\;C:\Program Files (x86)\NVIDIA Corporation\PhysX\Common;C:\Program Files\Intel\WiFi\bin\;C:\Program Files\Common Files\Intel\WirelessCommon\;C:\Program Files\NVIDIA Corporation\NVIDIA NvDLISR;C:\WINDOWS\system32;C:\WINDOWS;C:\WINDOWS\System32\Wbem;C:\WINDOWS\System32\WindowsPowerShell\v1.0\;C:\WINDOWS\System32\OpenSSH\;C:\Program Files\Git\cmd;C:\Program Files\GoLanguage\bin;C:\Program Files\Docker\Docker\resources\bin;D:\;C:\ProgramData\chocolatey\bin;C:\Users\User\AppData\Local\Microsoft\WindowsApps;C:\Users\User\AppData\Local\Programs\Microsoft VS Code\bin;C:\Users\User\AppData\Local\GitHubDesktop\bin;C:\Users\User\go\bin;D:\DataGrip 2023.2.1\bin;;C:\Users\User\AppData\Roaming\npm;D:\IntelliJ IDEA 2023.3.5\bin;
USERNAME=User
OS=Windows_NT
PROCESSOR_IDENTIFIER=Intel64 Family 6 Model 166 Stepping 0, GenuineIntel



---------------  S Y S T E M  ---------------

OS:
 Windows 11 , 64 bit Build 22000 (10.0.22000.2538)
OS uptime: 5 days 14:55 hours
Hyper-V role detected

CPU: total 12 (initial active 12) (6 cores per cpu, 2 threads per core) family 6 model 166 stepping 0 microcode 0xe0, cx8, cmov, fxsr, ht, mmx, 3dnowpref, sse, sse2, sse3, ssse3, sse4.1, sse4.2, popcnt, lzcnt, tsc, tscinvbit, avx, avx2, aes, erms, clmul, bmi1, bmi2, adx, fma, vzeroupper, clflush, clflushopt, hv

Memory: 4k page, system-wide physical 16221M (2571M free)
TotalPageFile size 23636M (AvailPageFile size 2M)
current process WorkingSet (physical memory assigned to process): 29M, peak: 29M
current process commit charge ("private bytes"): 337M, peak: 340M

vm_info: Java HotSpot(TM) 64-Bit Server VM (18.0.1.1+2-6) for windows-amd64 JRE (18.0.1.1+2-6), built on Apr 25 2022 21:53:15 by "mach5one" with MS VC++ 16.8 / 16.9 (VS2019)

END.
